<?xml version="1.0" encoding="UTF-8"?>
<testsuite xmlns:xsi="http://www.w3.org/2001/XMLSchema-instance" xsi:noNamespaceSchemaLocation="https://maven.apache.org/surefire/maven-failsafe-plugin/xsd/failsafe-test-report-3.0.xsd" version="3.0" name="starter.CucumberTestSuite" time="54.328" tests="5" errors="3" skipped="0" failures="0">
  <properties>
[...]
</properties>
  <testcase name="As a user, I can login with valid credentials" classname="Login" time="18.756">
    <system-out><![CDATA[10:59:01.074 [main] DEBUG io.cucumber.core.plugin.SerenityReporter -- Running feature from file:///Users/kayiin/Documents/A.%20Studi%20Independen/qe_fadillah-al-qorin/18_Web-UI-Testing-with-Serenity/praktikum/Soal_Prioritas_2/sepulsa-ui-testing/src/test/resources/features/Login.feature
10:59:01.166 [main] INFO  -- 

-------------------------------------------------------------------------------------
     _______. _______ .______       _______ .__   __.  __  .___________.____    ____ 
    /       ||   ____||   _  \     |   ____||  \ |  | |  | |           |\   \  /   / 
   |   (----`|  |__   |  |_)  |    |  |__   |   \|  | |  | `---|  |----` \   \/   /  
    \   \    |   __|  |      /     |   __|  |  . `  | |  |     |  |       \_    _/   
.----)   |   |  |____ |  |\  \----.|  |____ |  |\   | |  |     |  |         |  |     
|_______/    |_______|| _| `._____||_______||__| \__| |__|     |__|         |__|    
                                                                                     
 News and tutorials at https://serenity-bdd.info                                     
 Documentation at https://serenity-bdd.github.io                                     
 Test Automation Training and Coaching: https://www.serenity-dojo.com                
 Commercial Support: https://www.serenity-dojo.com/serenity-bdd-enterprise-support   
 Join the Serenity Community on Gitter: https://gitter.im/serenity-bdd/serenity-core 
-------------------------------------------------------------------------------------

10:59:01.170 [main] DEBUG net.thucydides.core.steps.StepEventBus -- Test suite started for story net.thucydides.model.domain.Story@8c5fe920
10:59:01.181 [main] INFO  -- Test Suite Started: Login
10:59:01.357 [main] DEBUG io.cucumber.core.plugin.SerenityReporter -- Running feature from file:///Users/kayiin/Documents/A.%20Studi%20Independen/qe_fadillah-al-qorin/18_Web-UI-Testing-with-Serenity/praktikum/Soal_Prioritas_2/sepulsa-ui-testing/src/test/resources/features/SelectPayment.feature
10:59:01.364 [main] DEBUG net.thucydides.core.steps.StepEventBus -- Test suite started for story net.thucydides.model.domain.Story@7b4e2940
10:59:01.364 [main] INFO  -- Test Suite Started: Select Payment
10:59:01.364 [main] DEBUG io.cucumber.core.plugin.SerenityReporter -- Running feature from file:///Users/kayiin/Documents/A.%20Studi%20Independen/qe_fadillah-al-qorin/18_Web-UI-Testing-with-Serenity/praktikum/Soal_Prioritas_2/sepulsa-ui-testing/src/test/resources/features/SelectProducts.feature
10:59:01.369 [main] DEBUG net.thucydides.core.steps.StepEventBus -- Test suite started for story net.thucydides.model.domain.Story@26af5400
10:59:01.370 [main] INFO  -- Test Suite Started: Select product
10:59:01.371 [main] DEBUG io.cucumber.core.plugin.SerenityReporter -- Running feature from file:///Users/kayiin/Documents/A.%20Studi%20Independen/qe_fadillah-al-qorin/18_Web-UI-Testing-with-Serenity/praktikum/Soal_Prioritas_2/sepulsa-ui-testing/src/test/resources/features/Login.feature
10:59:01.375 [main] DEBUG net.thucydides.core.steps.StepEventBus -- Test suite started for story net.thucydides.model.domain.Story@8c5fe920
10:59:01.376 [main] INFO  -- Test Suite Started: Login

Scenario: As a user, I can login with valid credentials &amp#27;[90m# src/test/resources/features/Login.feature:9&amp#27;[0m
10:59:01.499 [main] DEBUG io.cucumber.core.plugin.SerenityReporter -- Running feature from file:///Users/kayiin/Documents/A.%20Studi%20Independen/qe_fadillah-al-qorin/18_Web-UI-Testing-with-Serenity/praktikum/Soal_Prioritas_2/sepulsa-ui-testing/src/test/resources/features/Login.feature
10:59:01.705 [main] INFO  -- 
  _____   ___   ___   _____     ___   _____     _     ___   _____   ___   ___  
 |_   _| | __| / __| |_   _|   / __| |_   _|   /_\   | _ \ |_   _| | __| |   \ 
   | |   | _|  \__ \   | |     \__ \   | |    / _ \  |   /   | |   | _|  | |) |
   |_|   |___| |___/   |_|     |___/   |_|   /_/ \_\ |_|_\   |_|   |___| |___/ 

As a user, I can login with valid credentials(login;as-a-user--i-can-login-with-valid-credentials)
--------------------------------------------------------------------------------
10:59:02.959 [main] INFO net.serenitybdd.core.webdriver.driverproviders.ChromeDriverProvider -- Starting Chrome driver instance with capabilities:
10:59:02.961 [main] INFO net.serenitybdd.core.webdriver.driverproviders.ChromeDriverProvider -- Capabilities {acceptInsecureCerts: false, browserName: chrome, goog:chromeOptions: {args: [remote-allow-origins=*], extensions: []}}
10:59:12.365 [main] DEBUG net.serenitybdd.core.photography.Darkroom -- Opening darkroom
10:59:12.366 [Darkroom Processing Line] DEBUG net.serenitybdd.core.photography.DarkroomProcessingLine -- Darkroom processing line starting up
10:59:12.953 [main] DEBUG net.serenitybdd.core.photography.Darkroom -- Send negative for processing for /Users/kayiin/Documents/A. Studi Independen/qe_fadillah-al-qorin/18_Web-UI-Testing-with-Serenity/praktikum/Soal_Prioritas_2/sepulsa-ui-testing/target/site/serenity/748ddb8f68eba4eca72d9cd4b15b39a3289b2bcda2c1f9f2151ae5e8aa274588.png
10:59:12.953 [Darkroom Processing Line] DEBUG net.serenitybdd.core.photography.DarkroomProcessingLine -- Processing screenshot image in /var/screenshots/screenshot-12128481717635133006
10:59:12.954 [Darkroom Processing Line] DEBUG net.serenitybdd.core.photography.DarkroomProcessingLine -- Saving screenshot to /Users/kayiin/Documents/A. Studi Independen/qe_fadillah-al-qorin/18_Web-UI-Testing-with-Serenity/praktikum/Soal_Prioritas_2/sepulsa-ui-testing/target/site/serenity/748ddb8f68eba4eca72d9cd4b15b39a3289b2bcda2c1f9f2151ae5e8aa274588.png
10:59:12.957 [main] DEBUG net.thucydides.core.steps.StepInterceptor -- STARTING STEP: LoginSteps.onLoginPage - validateOnTheLoginPage
10:59:13.307 [main] DEBUG net.serenitybdd.core.photography.Darkroom -- Send negative for processing for /Users/kayiin/Documents/A. Studi Independen/qe_fadillah-al-qorin/18_Web-UI-Testing-with-Serenity/praktikum/Soal_Prioritas_2/sepulsa-ui-testing/target/site/serenity/748ddb8f68eba4eca72d9cd4b15b39a3289b2bcda2c1f9f2151ae5e8aa274588.png
10:59:13.307 [main] DEBUG net.thucydides.core.steps.StepInterceptor -- STEP DONE: validateOnTheLoginPage
  &amp#27;[32mGiven &amp#27;[0m&amp#27;[32mI am on the login page&amp#27;[0m                          &amp#27;[90m# starter.stepdefinitions.LoginSteps.onLoginPage()&amp#27;[0m
10:59:13.599 [main] DEBUG net.serenitybdd.core.photography.Darkroom -- Send negative for processing for /Users/kayiin/Documents/A. Studi Independen/qe_fadillah-al-qorin/18_Web-UI-Testing-with-Serenity/praktikum/Soal_Prioritas_2/sepulsa-ui-testing/target/site/serenity/748ddb8f68eba4eca72d9cd4b15b39a3289b2bcda2c1f9f2151ae5e8aa274588.png
10:59:13.600 [main] DEBUG net.thucydides.core.steps.StepInterceptor -- STARTING STEP: LoginSteps.inputValidEmail - inputEmail
10:59:14.246 [main] DEBUG net.serenitybdd.core.photography.Darkroom -- Send negative for processing for /Users/kayiin/Documents/A. Studi Independen/qe_fadillah-al-qorin/18_Web-UI-Testing-with-Serenity/praktikum/Soal_Prioritas_2/sepulsa-ui-testing/target/site/serenity/620a68efc9cebe90f3ae4af186e11a56a513ff0aa59addbf065f66eef38c121f.png
10:59:14.247 [main] DEBUG net.thucydides.core.steps.StepInterceptor -- STEP DONE: inputEmail
  &amp#27;[32mWhen &amp#27;[0m&amp#27;[32mI input valid email&amp#27;[0m                              &amp#27;[90m# starter.stepdefinitions.LoginSteps.inputValidEmail()&amp#27;[0m
10:59:14.246 [Darkroom Processing Line] DEBUG net.serenitybdd.core.photography.DarkroomProcessingLine -- Processing screenshot image in /var/screenshots/screenshot-17296874338049303431
10:59:14.249 [Darkroom Processing Line] DEBUG net.serenitybdd.core.photography.DarkroomProcessingLine -- Saving screenshot to /Users/kayiin/Documents/A. Studi Independen/qe_fadillah-al-qorin/18_Web-UI-Testing-with-Serenity/praktikum/Soal_Prioritas_2/sepulsa-ui-testing/target/site/serenity/620a68efc9cebe90f3ae4af186e11a56a513ff0aa59addbf065f66eef38c121f.png
10:59:14.290 [main] DEBUG net.thucydides.core.steps.StepInterceptor -- STARTING STEP: LoginSteps.inputValidPassword - inputPassword
10:59:14.737 [main] DEBUG net.serenitybdd.core.photography.Darkroom -- Send negative for processing for /Users/kayiin/Documents/A. Studi Independen/qe_fadillah-al-qorin/18_Web-UI-Testing-with-Serenity/praktikum/Soal_Prioritas_2/sepulsa-ui-testing/target/site/serenity/e4e912d1f3a1522df5db038e923b1fae3bc16bc1aafde1635f414af5c7ef2303.png
10:59:14.737 [Darkroom Processing Line] DEBUG net.serenitybdd.core.photography.DarkroomProcessingLine -- Processing screenshot image in /var/screenshots/screenshot-1232163789980366505
10:59:14.737 [Darkroom Processing Line] DEBUG net.serenitybdd.core.photography.DarkroomProcessingLine -- Saving screenshot to /Users/kayiin/Documents/A. Studi Independen/qe_fadillah-al-qorin/18_Web-UI-Testing-with-Serenity/praktikum/Soal_Prioritas_2/sepulsa-ui-testing/target/site/serenity/e4e912d1f3a1522df5db038e923b1fae3bc16bc1aafde1635f414af5c7ef2303.png
10:59:14.737 [main] DEBUG net.thucydides.core.steps.StepInterceptor -- STEP DONE: inputPassword
  &amp#27;[32mAnd &amp#27;[0m&amp#27;[32mI input valid password&amp#27;[0m                            &amp#27;[90m# starter.stepdefinitions.LoginSteps.inputValidPassword()&amp#27;[0m
10:59:14.769 [main] DEBUG net.thucydides.core.steps.StepInterceptor -- STARTING STEP: LoginSteps.clickLoginButton - clickLoginButton
10:59:15.393 [main] DEBUG net.serenitybdd.core.photography.Darkroom -- Send negative for processing for /Users/kayiin/Documents/A. Studi Independen/qe_fadillah-al-qorin/18_Web-UI-Testing-with-Serenity/praktikum/Soal_Prioritas_2/sepulsa-ui-testing/target/site/serenity/ab54fdb2746cfa9550c967f52bfe4fe8394a62f2b6307ee9aceb96052d65211b.png
10:59:15.394 [Darkroom Processing Line] DEBUG net.serenitybdd.core.photography.DarkroomProcessingLine -- Processing screenshot image in /var/screenshots/screenshot-6910703915382839957
10:59:15.394 [main] DEBUG net.thucydides.core.steps.StepInterceptor -- STEP DONE: clickLoginButton
10:59:15.394 [Darkroom Processing Line] DEBUG net.serenitybdd.core.photography.DarkroomProcessingLine -- Saving screenshot to /Users/kayiin/Documents/A. Studi Independen/qe_fadillah-al-qorin/18_Web-UI-Testing-with-Serenity/praktikum/Soal_Prioritas_2/sepulsa-ui-testing/target/site/serenity/ab54fdb2746cfa9550c967f52bfe4fe8394a62f2b6307ee9aceb96052d65211b.png
  &amp#27;[32mAnd &amp#27;[0m&amp#27;[32mI click login button&amp#27;[0m                              &amp#27;[90m# starter.stepdefinitions.LoginSteps.clickLoginButton()&amp#27;[0m
10:59:15.442 [main] DEBUG net.thucydides.core.steps.StepInterceptor -- STARTING STEP: LoginSteps.onDashboardPage - validateOnTheDashboardPage
10:59:19.829 [main] DEBUG net.serenitybdd.core.photography.Darkroom -- Send negative for processing for /Users/kayiin/Documents/A. Studi Independen/qe_fadillah-al-qorin/18_Web-UI-Testing-with-Serenity/praktikum/Soal_Prioritas_2/sepulsa-ui-testing/target/site/serenity/0cf51c71b3c4e4093a5f7408c8429d7399684fa846ce072445a00c6c8937e104.png
10:59:19.829 [Darkroom Processing Line] DEBUG net.serenitybdd.core.photography.DarkroomProcessingLine -- Processing screenshot image in /var/screenshots/screenshot-13443603258440901696
10:59:19.829 [main] DEBUG net.thucydides.core.steps.StepInterceptor -- STEP DONE: validateOnTheDashboardPage
10:59:19.829 [Darkroom Processing Line] DEBUG net.serenitybdd.core.photography.DarkroomProcessingLine -- Saving screenshot to /Users/kayiin/Documents/A. Studi Independen/qe_fadillah-al-qorin/18_Web-UI-Testing-with-Serenity/praktikum/Soal_Prioritas_2/sepulsa-ui-testing/target/site/serenity/0cf51c71b3c4e4093a5f7408c8429d7399684fa846ce072445a00c6c8937e104.png
  &amp#27;[32mThen &amp#27;[0m&amp#27;[32mI redirected to the dashboard page&amp#27;[0m               &amp#27;[90m# starter.stepdefinitions.LoginSteps.onDashboardPage()&amp#27;[0m
10:59:19.843 [main] INFO  -- 
  _____   ___   ___   _____     ___     _     ___   ___   ___   ___  
 |_   _| | __| / __| |_   _|   | _ \   /_\   / __| / __| | __| |   \ 
   | |   | _|  \__ \   | |     |  _/  / _ \  \__ \ \__ \ | _|  | |) |
   |_|   |___| |___/   |_|     |_|   /_/ \_\ |___/ |___/ |___| |___/ 

As a user, I can login with valid credentials
----------------------------------------------------------------------
]]></system-out>
    <system-err><![CDATA[Mei 15, 2024 10:59:07 AM org.openqa.selenium.devtools.CdpVersionFinder findNearestMatch
WARNING: Unable to find an exact match for CDP version 124, returning the closest version; found: 122; Please update to a Selenium version that supports CDP version 124
]]></system-err>
  </testcase>
  <testcase name="As a user, I cannot login with invalid credentials" classname="Login" time="7.915">
    <system-out><![CDATA[
Scenario: As a user, I cannot login with invalid credentials                                                                   &amp#27;[90m# src/test/resources/features/Login.feature:15&amp#27;[0m
10:59:20.149 [main] DEBUG io.cucumber.core.plugin.SerenityReporter -- Running feature from file:///Users/kayiin/Documents/A.%20Studi%20Independen/qe_fadillah-al-qorin/18_Web-UI-Testing-with-Serenity/praktikum/Soal_Prioritas_2/sepulsa-ui-testing/src/test/resources/features/Login.feature
10:59:20.152 [main] INFO  -- 
  _____   ___   ___   _____     ___   _____     _     ___   _____   ___   ___  
 |_   _| | __| / __| |_   _|   / __| |_   _|   /_\   | _ \ |_   _| | __| |   \ 
   | |   | _|  \__ \   | |     \__ \   | |    / _ \  |   /   | |   | _|  | |) |
   |_|   |___| |___/   |_|     |___/   |_|   /_/ \_\ |_|_\   |_|   |___| |___/ 

As a user, I cannot login with invalid credentials(login;as-a-user--i-cannot-login-with-invalid-credentials)
--------------------------------------------------------------------------------
10:59:20.277 [main] INFO net.serenitybdd.core.webdriver.driverproviders.ChromeDriverProvider -- Starting Chrome driver instance with capabilities:
10:59:20.278 [main] INFO net.serenitybdd.core.webdriver.driverproviders.ChromeDriverProvider -- Capabilities {acceptInsecureCerts: false, browserName: chrome, goog:chromeOptions: {args: [remote-allow-origins=*], extensions: []}}
10:59:24.150 [main] DEBUG net.serenitybdd.core.photography.Darkroom -- Send negative for processing for /Users/kayiin/Documents/A. Studi Independen/qe_fadillah-al-qorin/18_Web-UI-Testing-with-Serenity/praktikum/Soal_Prioritas_2/sepulsa-ui-testing/target/site/serenity/748ddb8f68eba4eca72d9cd4b15b39a3289b2bcda2c1f9f2151ae5e8aa274588.png
10:59:24.150 [main] DEBUG net.thucydides.core.steps.StepInterceptor -- STARTING STEP: LoginSteps.onLoginPage - validateOnTheLoginPage
10:59:24.369 [main] DEBUG net.serenitybdd.core.photography.Darkroom -- Send negative for processing for /Users/kayiin/Documents/A. Studi Independen/qe_fadillah-al-qorin/18_Web-UI-Testing-with-Serenity/praktikum/Soal_Prioritas_2/sepulsa-ui-testing/target/site/serenity/748ddb8f68eba4eca72d9cd4b15b39a3289b2bcda2c1f9f2151ae5e8aa274588.png
10:59:24.370 [main] DEBUG net.thucydides.core.steps.StepInterceptor -- STEP DONE: validateOnTheLoginPage
  &amp#27;[32mGiven &amp#27;[0m&amp#27;[32mI am on the login page&amp#27;[0m                                                                                                 &amp#27;[90m# starter.stepdefinitions.LoginSteps.onLoginPage()&amp#27;[0m
10:59:24.388 [main] DEBUG net.thucydides.core.steps.StepInterceptor -- STARTING STEP: LoginSteps.inputValidEmail - inputEmail
10:59:24.847 [main] DEBUG net.serenitybdd.core.photography.Darkroom -- Send negative for processing for /Users/kayiin/Documents/A. Studi Independen/qe_fadillah-al-qorin/18_Web-UI-Testing-with-Serenity/praktikum/Soal_Prioritas_2/sepulsa-ui-testing/target/site/serenity/620a68efc9cebe90f3ae4af186e11a56a513ff0aa59addbf065f66eef38c121f.png
10:59:24.847 [main] DEBUG net.thucydides.core.steps.StepInterceptor -- STEP DONE: inputEmail
  &amp#27;[32mWhen &amp#27;[0m&amp#27;[32mI input valid email&amp#27;[0m                                                                                                     &amp#27;[90m# starter.stepdefinitions.LoginSteps.inputValidEmail()&amp#27;[0m
10:59:24.864 [main] DEBUG net.thucydides.core.steps.StepInterceptor -- STARTING STEP: LoginSteps.inputInvalidPassword - inputPassword
10:59:25.221 [main] DEBUG net.serenitybdd.core.photography.Darkroom -- Send negative for processing for /Users/kayiin/Documents/A. Studi Independen/qe_fadillah-al-qorin/18_Web-UI-Testing-with-Serenity/praktikum/Soal_Prioritas_2/sepulsa-ui-testing/target/site/serenity/cf7654c4556f0ab8f010dc99a4a5244acdccefa5ea17821f83d797762f4f35e4.png
10:59:25.221 [Darkroom Processing Line] DEBUG net.serenitybdd.core.photography.DarkroomProcessingLine -- Processing screenshot image in /var/screenshots/screenshot-4172187127865403163
10:59:25.222 [Darkroom Processing Line] DEBUG net.serenitybdd.core.photography.DarkroomProcessingLine -- Saving screenshot to /Users/kayiin/Documents/A. Studi Independen/qe_fadillah-al-qorin/18_Web-UI-Testing-with-Serenity/praktikum/Soal_Prioritas_2/sepulsa-ui-testing/target/site/serenity/cf7654c4556f0ab8f010dc99a4a5244acdccefa5ea17821f83d797762f4f35e4.png
10:59:25.222 [main] DEBUG net.thucydides.core.steps.StepInterceptor -- STEP DONE: inputPassword
  &amp#27;[32mAnd &amp#27;[0m&amp#27;[32mI input invalid password&amp#27;[0m                                                                                                 &amp#27;[90m# starter.stepdefinitions.LoginSteps.inputInvalidPassword()&amp#27;[0m
10:59:25.241 [main] DEBUG net.thucydides.core.steps.StepInterceptor -- STARTING STEP: LoginSteps.clickLoginButton - clickLoginButton
10:59:25.699 [main] DEBUG net.serenitybdd.core.photography.Darkroom -- Send negative for processing for /Users/kayiin/Documents/A. Studi Independen/qe_fadillah-al-qorin/18_Web-UI-Testing-with-Serenity/praktikum/Soal_Prioritas_2/sepulsa-ui-testing/target/site/serenity/71c6b6204a7ef61743a0d971ea2a1320e3cb2d814551144a1408fd6158cda782.png
10:59:25.699 [Darkroom Processing Line] DEBUG net.serenitybdd.core.photography.DarkroomProcessingLine -- Processing screenshot image in /var/screenshots/screenshot-4531111469208389418
10:59:25.699 [Darkroom Processing Line] DEBUG net.serenitybdd.core.photography.DarkroomProcessingLine -- Saving screenshot to /Users/kayiin/Documents/A. Studi Independen/qe_fadillah-al-qorin/18_Web-UI-Testing-with-Serenity/praktikum/Soal_Prioritas_2/sepulsa-ui-testing/target/site/serenity/71c6b6204a7ef61743a0d971ea2a1320e3cb2d814551144a1408fd6158cda782.png
10:59:25.699 [main] DEBUG net.thucydides.core.steps.StepInterceptor -- STEP DONE: clickLoginButton
  &amp#27;[32mAnd &amp#27;[0m&amp#27;[32mI click login button&amp#27;[0m                                                                                                     &amp#27;[90m# starter.stepdefinitions.LoginSteps.clickLoginButton()&amp#27;[0m
10:59:25.718 [main] DEBUG net.thucydides.core.steps.StepInterceptor -- STARTING STEP: LoginSteps.getErrorMessage - getErrorMessage
10:59:27.810 [main] DEBUG net.serenitybdd.core.photography.Darkroom -- Send negative for processing for /Users/kayiin/Documents/A. Studi Independen/qe_fadillah-al-qorin/18_Web-UI-Testing-with-Serenity/praktikum/Soal_Prioritas_2/sepulsa-ui-testing/target/site/serenity/698319fdde51af1288e0de774f2fee20e671e38be1dec8f266a62bf7799e2df6.png
10:59:27.810 [main] DEBUG net.thucydides.core.steps.StepInterceptor -- STEP DONE: getErrorMessage
10:59:27.810 [Darkroom Processing Line] DEBUG net.serenitybdd.core.photography.DarkroomProcessingLine -- Processing screenshot image in /var/screenshots/screenshot-143574149759620825
10:59:27.813 [Darkroom Processing Line] DEBUG net.serenitybdd.core.photography.DarkroomProcessingLine -- Saving screenshot to /Users/kayiin/Documents/A. Studi Independen/qe_fadillah-al-qorin/18_Web-UI-Testing-with-Serenity/praktikum/Soal_Prioritas_2/sepulsa-ui-testing/target/site/serenity/698319fdde51af1288e0de774f2fee20e671e38be1dec8f266a62bf7799e2df6.png
10:59:27.819 [main] DEBUG net.thucydides.core.steps.StepInterceptor -- STARTING STEP: LoginSteps.getErrorMessage - validateEqualErrorMessage
10:59:27.853 [main] DEBUG net.thucydides.core.steps.StepInterceptor -- STEP DONE: validateEqualErrorMessage
  &amp#27;[32mThen &amp#27;[0m&amp#27;[32mI get error message &amp#27;[0m&amp#27;[32m&amp#27;[1m"Coba ingat-ingat lagi alamat e-mail/ nomor handphone dan password kamu. Masih ada yang salah nih."&amp#27;[0m &amp#27;[90m# starter.stepdefinitions.LoginSteps.getErrorMessage(java.lang.String)&amp#27;[0m
10:59:27.859 [main] INFO  -- 
  _____   ___   ___   _____     ___     _     ___   ___   ___   ___  
 |_   _| | __| / __| |_   _|   | _ \   /_\   / __| / __| | __| |   \ 
   | |   | _|  \__ \   | |     |  _/  / _ \  \__ \ \__ \ | _|  | |) |
   |_|   |___| |___/   |_|     |_|   /_/ \_\ |___/ |___/ |___| |___/ 

As a user, I cannot login with invalid credentials
----------------------------------------------------------------------
]]></system-out>
    <system-err><![CDATA[Mei 15, 2024 10:59:21 AM org.openqa.selenium.devtools.CdpVersionFinder findNearestMatch
WARNING: Unable to find an exact match for CDP version 124, returning the closest version; found: 122; Please update to a Selenium version that supports CDP version 124
]]></system-err>
  </testcase>
  <testcase name="As a user, I can select gopay payment" classname="Select Payment" time="16.097">
    <error type="org.openqa.selenium.NoSuchElementException"><![CDATA[org.openqa.selenium.NoSuchElementException: 
no such element: Unable to locate element: {"method":"css selector","selector":"#phone_number"}
  (Session info: chrome=124.0.6367.203)
For documentation on this error, please visit: https://www.selenium.dev/documentation/webdriver/troubleshooting/errors#no-such-element-exception
Build info: version: '4.18.1', revision: 'b1d3319b48'
System info: os.name: 'Mac OS X', os.arch: 'x86_64', os.version: '12.7.2', java.version: '19.0.2'
Driver info: org.openqa.selenium.chrome.ChromeDriver
Command: [923f7d1c982c7962ae77a460654abda5, findElement {value=phone_number, using=id}]
Capabilities {acceptInsecureCerts: false, browserName: chrome, browserVersion: 124.0.6367.203, chrome: {chromedriverVersion: 123.0.6312.86 (9b72c47a0536..., userDataDir: /var/folders/_5/cq_xg3kd1qb...}, fedcm:accounts: true, goog:chromeOptions: {debuggerAddress: localhost:56589}, networkConnectionEnabled: false, pageLoadStrategy: normal, platformName: mac, proxy: Proxy(), se:cdp: ws://localhost:56589/devtoo..., se:cdpVersion: 124.0.6367.203, setWindowRect: true, strictFileInteractability: false, timeouts: {implicit: 0, pageLoad: 300000, script: 30000}, unhandledPromptBehavior: dismiss and notify, webauthn:extension:credBlob: true, webauthn:extension:largeBlob: true, webauthn:extension:minPinLength: true, webauthn:extension:prf: true, webauthn:virtualAuthenticators: true}
Session ID: 923f7d1c982c7962ae77a460654abda5
]]></error>
    <system-out><![CDATA[10:59:28.057 [main] DEBUG io.cucumber.core.plugin.SerenityReporter -- Running feature from file:///Users/kayiin/Documents/A.%20Studi%20Independen/qe_fadillah-al-qorin/18_Web-UI-Testing-with-Serenity/praktikum/Soal_Prioritas_2/sepulsa-ui-testing/src/test/resources/features/SelectPayment.feature
10:59:28.061 [main] DEBUG net.thucydides.core.steps.StepEventBus -- Test suite started for story net.thucydides.model.domain.Story@7b4e2940
10:59:28.062 [main] INFO  -- Test Suite Started: Select Payment

Scenario: As a user, I can select gopay payment &amp#27;[90m# src/test/resources/features/SelectPayment.feature:6&amp#27;[0m
10:59:28.068 [main] DEBUG io.cucumber.core.plugin.SerenityReporter -- Running feature from file:///Users/kayiin/Documents/A.%20Studi%20Independen/qe_fadillah-al-qorin/18_Web-UI-Testing-with-Serenity/praktikum/Soal_Prioritas_2/sepulsa-ui-testing/src/test/resources/features/SelectPayment.feature
10:59:28.074 [main] INFO  -- 
  _____   ___   ___   _____     ___   _____     _     ___   _____   ___   ___  
 |_   _| | __| / __| |_   _|   / __| |_   _|   /_\   | _ \ |_   _| | __| |   \ 
   | |   | _|  \__ \   | |     \__ \   | |    / _ \  |   /   | |   | _|  | |) |
   |_|   |___| |___/   |_|     |___/   |_|   /_/ \_\ |_|_\   |_|   |___| |___/ 

As a user, I can select gopay payment(select-payment;as-a-user--i-can-select-gopay-payment)
--------------------------------------------------------------------------------
10:59:28.272 [main] INFO net.serenitybdd.core.webdriver.driverproviders.ChromeDriverProvider -- Starting Chrome driver instance with capabilities:
10:59:28.273 [main] INFO net.serenitybdd.core.webdriver.driverproviders.ChromeDriverProvider -- Capabilities {acceptInsecureCerts: false, browserName: chrome, goog:chromeOptions: {args: [remote-allow-origins=*], extensions: []}}
10:59:32.064 [main] DEBUG net.serenitybdd.core.photography.Darkroom -- Opening darkroom
10:59:32.065 [Darkroom Processing Line] DEBUG net.serenitybdd.core.photography.DarkroomProcessingLine -- Darkroom processing line starting up
10:59:32.251 [main] DEBUG net.serenitybdd.core.photography.Darkroom -- Send negative for processing for /Users/kayiin/Documents/A. Studi Independen/qe_fadillah-al-qorin/18_Web-UI-Testing-with-Serenity/praktikum/Soal_Prioritas_2/sepulsa-ui-testing/target/site/serenity/748ddb8f68eba4eca72d9cd4b15b39a3289b2bcda2c1f9f2151ae5e8aa274588.png
10:59:32.252 [main] DEBUG net.thucydides.core.steps.StepInterceptor -- STARTING STEP: LoginSteps.onLoginPage - validateOnTheLoginPage
10:59:32.297 [main] DEBUG net.thucydides.core.steps.StepInterceptor -- STEP DONE: validateOnTheLoginPage
  &amp#27;[32mGiven &amp#27;[0m&amp#27;[32mI am on the login page&amp#27;[0m                  &amp#27;[90m# starter.stepdefinitions.LoginSteps.onLoginPage()&amp#27;[0m
10:59:32.486 [main] DEBUG net.serenitybdd.core.photography.Darkroom -- Send negative for processing for /Users/kayiin/Documents/A. Studi Independen/qe_fadillah-al-qorin/18_Web-UI-Testing-with-Serenity/praktikum/Soal_Prioritas_2/sepulsa-ui-testing/target/site/serenity/748ddb8f68eba4eca72d9cd4b15b39a3289b2bcda2c1f9f2151ae5e8aa274588.png
10:59:32.500 [main] DEBUG net.thucydides.core.steps.StepInterceptor -- STARTING STEP: LoginSteps.inputValidEmail - inputEmail
10:59:33.181 [main] DEBUG net.serenitybdd.core.photography.Darkroom -- Send negative for processing for /Users/kayiin/Documents/A. Studi Independen/qe_fadillah-al-qorin/18_Web-UI-Testing-with-Serenity/praktikum/Soal_Prioritas_2/sepulsa-ui-testing/target/site/serenity/620a68efc9cebe90f3ae4af186e11a56a513ff0aa59addbf065f66eef38c121f.png
10:59:33.182 [main] DEBUG net.thucydides.core.steps.StepInterceptor -- STEP DONE: inputEmail
  &amp#27;[32mWhen &amp#27;[0m&amp#27;[32mI input valid email&amp#27;[0m                      &amp#27;[90m# starter.stepdefinitions.LoginSteps.inputValidEmail()&amp#27;[0m
10:59:33.194 [main] DEBUG net.thucydides.core.steps.StepInterceptor -- STARTING STEP: LoginSteps.inputValidPassword - inputPassword
10:59:33.577 [main] DEBUG net.serenitybdd.core.photography.Darkroom -- Send negative for processing for /Users/kayiin/Documents/A. Studi Independen/qe_fadillah-al-qorin/18_Web-UI-Testing-with-Serenity/praktikum/Soal_Prioritas_2/sepulsa-ui-testing/target/site/serenity/7feb466a9cc2c5f762b2126db3d31849aa6b117d700a3c212df74192249bfcf4.png
10:59:33.577 [Darkroom Processing Line] DEBUG net.serenitybdd.core.photography.DarkroomProcessingLine -- Processing screenshot image in /var/screenshots/screenshot-9813989979102558970
10:59:33.577 [Darkroom Processing Line] DEBUG net.serenitybdd.core.photography.DarkroomProcessingLine -- Saving screenshot to /Users/kayiin/Documents/A. Studi Independen/qe_fadillah-al-qorin/18_Web-UI-Testing-with-Serenity/praktikum/Soal_Prioritas_2/sepulsa-ui-testing/target/site/serenity/7feb466a9cc2c5f762b2126db3d31849aa6b117d700a3c212df74192249bfcf4.png
10:59:33.577 [main] DEBUG net.thucydides.core.steps.StepInterceptor -- STEP DONE: inputPassword
  &amp#27;[32mAnd &amp#27;[0m&amp#27;[32mI input valid password&amp#27;[0m                    &amp#27;[90m# starter.stepdefinitions.LoginSteps.inputValidPassword()&amp#27;[0m
10:59:33.591 [main] DEBUG net.thucydides.core.steps.StepInterceptor -- STARTING STEP: LoginSteps.clickLoginButton - clickLoginButton
10:59:33.994 [main] DEBUG net.serenitybdd.core.photography.Darkroom -- Send negative for processing for /Users/kayiin/Documents/A. Studi Independen/qe_fadillah-al-qorin/18_Web-UI-Testing-with-Serenity/praktikum/Soal_Prioritas_2/sepulsa-ui-testing/target/site/serenity/40d0dbf67254c550a41bc3aa8699e40ca8ce7d8aef6296e33232f34b4e654113.png
10:59:33.994 [Darkroom Processing Line] DEBUG net.serenitybdd.core.photography.DarkroomProcessingLine -- Processing screenshot image in /var/screenshots/screenshot-15802312766267549335
10:59:33.994 [main] DEBUG net.thucydides.core.steps.StepInterceptor -- STEP DONE: clickLoginButton
10:59:33.994 [Darkroom Processing Line] DEBUG net.serenitybdd.core.photography.DarkroomProcessingLine -- Saving screenshot to /Users/kayiin/Documents/A. Studi Independen/qe_fadillah-al-qorin/18_Web-UI-Testing-with-Serenity/praktikum/Soal_Prioritas_2/sepulsa-ui-testing/target/site/serenity/40d0dbf67254c550a41bc3aa8699e40ca8ce7d8aef6296e33232f34b4e654113.png
  &amp#27;[32mAnd &amp#27;[0m&amp#27;[32mI click login button&amp#27;[0m                      &amp#27;[90m# starter.stepdefinitions.LoginSteps.clickLoginButton()&amp#27;[0m
10:59:34.365 [main] DEBUG net.serenitybdd.core.photography.Darkroom -- Send negative for processing for /Users/kayiin/Documents/A. Studi Independen/qe_fadillah-al-qorin/18_Web-UI-Testing-with-Serenity/praktikum/Soal_Prioritas_2/sepulsa-ui-testing/target/site/serenity/ac6b95ba2193c93d83dc8e0dfa745442694cf15c6bf95b6db0e5947d200a7db1.png
10:59:34.366 [Darkroom Processing Line] DEBUG net.serenitybdd.core.photography.DarkroomProcessingLine -- Processing screenshot image in /var/screenshots/screenshot-10260647527492930844
10:59:34.366 [main] DEBUG net.thucydides.core.steps.StepInterceptor -- STARTING STEP: SelectProductsSteps.onTheDashboardPage - validateOnTheDashboardPage
10:59:34.366 [Darkroom Processing Line] DEBUG net.serenitybdd.core.photography.DarkroomProcessingLine -- Saving screenshot to /Users/kayiin/Documents/A. Studi Independen/qe_fadillah-al-qorin/18_Web-UI-Testing-with-Serenity/praktikum/Soal_Prioritas_2/sepulsa-ui-testing/target/site/serenity/ac6b95ba2193c93d83dc8e0dfa745442694cf15c6bf95b6db0e5947d200a7db1.png
10:59:38.679 [main] DEBUG net.serenitybdd.core.photography.Darkroom -- Send negative for processing for /Users/kayiin/Documents/A. Studi Independen/qe_fadillah-al-qorin/18_Web-UI-Testing-with-Serenity/praktikum/Soal_Prioritas_2/sepulsa-ui-testing/target/site/serenity/8723d0def1348a04db51d664bbbb95ec5bca4d6d952ee1b23d4da393b75db960.png
10:59:38.679 [Darkroom Processing Line] DEBUG net.serenitybdd.core.photography.DarkroomProcessingLine -- Processing screenshot image in /var/screenshots/screenshot-10989466279466153459
10:59:38.680 [main] DEBUG net.thucydides.core.steps.StepInterceptor -- STEP DONE: validateOnTheDashboardPage
10:59:38.680 [Darkroom Processing Line] DEBUG net.serenitybdd.core.photography.DarkroomProcessingLine -- Saving screenshot to /Users/kayiin/Documents/A. Studi Independen/qe_fadillah-al-qorin/18_Web-UI-Testing-with-Serenity/praktikum/Soal_Prioritas_2/sepulsa-ui-testing/target/site/serenity/8723d0def1348a04db51d664bbbb95ec5bca4d6d952ee1b23d4da393b75db960.png
  &amp#27;[32mAnd &amp#27;[0m&amp#27;[32mI am on the dashboard page&amp#27;[0m                &amp#27;[90m# starter.stepdefinitions.SelectProductsSteps.onTheDashboardPage()&amp#27;[0m
10:59:39.089 [main] DEBUG net.serenitybdd.core.photography.Darkroom -- Send negative for processing for /Users/kayiin/Documents/A. Studi Independen/qe_fadillah-al-qorin/18_Web-UI-Testing-with-Serenity/praktikum/Soal_Prioritas_2/sepulsa-ui-testing/target/site/serenity/fbab212ae58dea9d3c2597b35764973d8869987d3f87d72a1b8efee6e752ec18.png
10:59:39.090 [Darkroom Processing Line] DEBUG net.serenitybdd.core.photography.DarkroomProcessingLine -- Processing screenshot image in /var/screenshots/screenshot-12999543676817857733
10:59:39.090 [Darkroom Processing Line] DEBUG net.serenitybdd.core.photography.DarkroomProcessingLine -- Saving screenshot to /Users/kayiin/Documents/A. Studi Independen/qe_fadillah-al-qorin/18_Web-UI-Testing-with-Serenity/praktikum/Soal_Prioritas_2/sepulsa-ui-testing/target/site/serenity/fbab212ae58dea9d3c2597b35764973d8869987d3f87d72a1b8efee6e752ec18.png
10:59:39.093 [main] DEBUG net.thucydides.core.steps.StepInterceptor -- STARTING STEP: SelectProductsSteps.clickPulsa - validatePulsaIcon
10:59:39.324 [main] DEBUG net.serenitybdd.core.photography.Darkroom -- Send negative for processing for /Users/kayiin/Documents/A. Studi Independen/qe_fadillah-al-qorin/18_Web-UI-Testing-with-Serenity/praktikum/Soal_Prioritas_2/sepulsa-ui-testing/target/site/serenity/451eb71ae85f7f9a4f363b509f99f80c988228f89d9913fdf6d928ae40fcd5d7.png
10:59:39.324 [Darkroom Processing Line] DEBUG net.serenitybdd.core.photography.DarkroomProcessingLine -- Processing screenshot image in /var/screenshots/screenshot-12868997266765006666
10:59:39.324 [main] DEBUG net.thucydides.core.steps.StepInterceptor -- STEP DONE: validatePulsaIcon
10:59:39.324 [Darkroom Processing Line] DEBUG net.serenitybdd.core.photography.DarkroomProcessingLine -- Saving screenshot to /Users/kayiin/Documents/A. Studi Independen/qe_fadillah-al-qorin/18_Web-UI-Testing-with-Serenity/praktikum/Soal_Prioritas_2/sepulsa-ui-testing/target/site/serenity/451eb71ae85f7f9a4f363b509f99f80c988228f89d9913fdf6d928ae40fcd5d7.png
10:59:39.334 [main] DEBUG net.thucydides.core.steps.StepInterceptor -- STARTING STEP: SelectProductsSteps.clickPulsa - clickPulsaIcon
10:59:40.949 [main] DEBUG net.serenitybdd.core.photography.Darkroom -- Send negative for processing for /Users/kayiin/Documents/A. Studi Independen/qe_fadillah-al-qorin/18_Web-UI-Testing-with-Serenity/praktikum/Soal_Prioritas_2/sepulsa-ui-testing/target/site/serenity/451eb71ae85f7f9a4f363b509f99f80c988228f89d9913fdf6d928ae40fcd5d7.png
10:59:40.949 [main] DEBUG net.thucydides.core.steps.StepInterceptor -- STEP DONE: clickPulsaIcon
  &amp#27;[32mAnd &amp#27;[0m&amp#27;[32mI click pulsa icon&amp#27;[0m                        &amp#27;[90m# starter.stepdefinitions.SelectProductsSteps.clickPulsa()&amp#27;[0m
10:59:41.351 [main] DEBUG net.serenitybdd.core.photography.Darkroom -- Send negative for processing for /Users/kayiin/Documents/A. Studi Independen/qe_fadillah-al-qorin/18_Web-UI-Testing-with-Serenity/praktikum/Soal_Prioritas_2/sepulsa-ui-testing/target/site/serenity/451eb71ae85f7f9a4f363b509f99f80c988228f89d9913fdf6d928ae40fcd5d7.png
10:59:41.351 [main] DEBUG net.thucydides.core.steps.StepInterceptor -- STARTING STEP: SelectPaymentSteps.inputValidPhoneNumber - inputNumber
10:59:43.608 [main] DEBUG net.serenitybdd.core.photography.Darkroom -- Send negative for processing for /Users/kayiin/Documents/A. Studi Independen/qe_fadillah-al-qorin/18_Web-UI-Testing-with-Serenity/praktikum/Soal_Prioritas_2/sepulsa-ui-testing/target/site/serenity/451eb71ae85f7f9a4f363b509f99f80c988228f89d9913fdf6d928ae40fcd5d7.png
  &amp#27;[31mAnd &amp#27;[0m&amp#27;[31mI input valid phone number&amp#27;[0m                &amp#27;[90m# starter.stepdefinitions.SelectPaymentSteps.inputValidPhoneNumber()&amp#27;[0m
      &amp#27;[31morg.openqa.selenium.NoSuchElementException: no such element: Unable to locate element: {"method":"css selector","selector":"#phone_number"}
  (Session info: chrome=124.0.6367.203)
For documentation on this error, please visit: https://www.selenium.dev/documentation/webdriver/troubleshooting/errors#no-such-element-exception
Build info: version: '4.18.1', revision: 'b1d3319b48'
System info: os.name: 'Mac OS X', os.arch: 'x86_64', os.version: '12.7.2', java.version: '19.0.2'
Driver info: org.openqa.selenium.chrome.ChromeDriver
Command: [923f7d1c982c7962ae77a460654abda5, findElement {value=phone_number, using=id}]
Capabilities {acceptInsecureCerts: false, browserName: chrome, browserVersion: 124.0.6367.203, chrome: {chromedriverVersion: 123.0.6312.86 (9b72c47a0536..., userDataDir: /var/folders/_5/cq_xg3kd1qb...}, fedcm:accounts: true, goog:chromeOptions: {debuggerAddress: localhost:56589}, networkConnectionEnabled: false, pageLoadStrategy: normal, platformName: mac, proxy: Proxy(), se:cdp: ws://localhost:56589/devtoo..., se:cdpVersion: 124.0.6367.203, setWindowRect: true, strictFileInteractability: false, timeouts: {implicit: 0, pageLoad: 300000, script: 30000}, unhandledPromptBehavior: dismiss and notify, webauthn:extension:credBlob: true, webauthn:extension:largeBlob: true, webauthn:extension:minPinLength: true, webauthn:extension:prf: true, webauthn:virtualAuthenticators: true}
Session ID: 923f7d1c982c7962ae77a460654abda5
	at java.base/jdk.internal.reflect.DirectConstructorHandleAccessor.newInstance(DirectConstructorHandleAccessor.java:67)
	at java.base/java.lang.reflect.Constructor.newInstanceWithCaller(Constructor.java:500)
	at java.base/java.lang.reflect.Constructor.newInstance(Constructor.java:484)
	at org.openqa.selenium.remote.ErrorCodec.decode(ErrorCodec.java:167)
	at org.openqa.selenium.remote.codec.w3c.W3CHttpResponseCodec.decode(W3CHttpResponseCodec.java:138)
	at org.openqa.selenium.remote.codec.w3c.W3CHttpResponseCodec.decode(W3CHttpResponseCodec.java:50)
	at org.openqa.selenium.remote.HttpCommandExecutor.execute(HttpCommandExecutor.java:190)
	at org.openqa.selenium.remote.service.DriverCommandExecutor.invokeExecute(DriverCommandExecutor.java:216)
	at org.openqa.selenium.remote.service.DriverCommandExecutor.execute(DriverCommandExecutor.java:174)
	at org.openqa.selenium.remote.RemoteWebDriver.execute(RemoteWebDriver.java:519)
	at org.openqa.selenium.remote.ElementLocation$ElementFinder$2.findElement(ElementLocation.java:165)
	at org.openqa.selenium.remote.ElementLocation.findElement(ElementLocation.java:59)
	at org.openqa.selenium.remote.RemoteWebDriver.findElement(RemoteWebDriver.java:356)
	at org.openqa.selenium.remote.RemoteWebDriver.findElement(RemoteWebDriver.java:350)
	at net.thucydides.core.webdriver.WebDriverFacade.findElement(WebDriverFacade.java:259)
	at net.serenitybdd.core.pages.WebElementResolverByLocator.resolveForDriver(WebElementResolverByLocator.java:25)
	at net.serenitybdd.core.pages.WebElementFacadeImpl.getResolvedElement(WebElementFacadeImpl.java:188)
	at net.serenitybdd.core.pages.WebElementFacadeImpl.getElement(WebElementFacadeImpl.java:183)
	at net.serenitybdd.core.pages.WebElementFacadeImpl.lambda$type$2(WebElementFacadeImpl.java:745)
	at net.serenitybdd.core.pages.WithRetries.perform(WithRetries.java:22)
	at net.serenitybdd.core.pages.WebElementFacadeImpl.type(WebElementFacadeImpl.java:744)
	at web.serenity.starter@1.0-SNAPSHOT/starter.pages.PulsaPage.inputNumber(PulsaPage.java:28)
	at web.serenity.starter@1.0-SNAPSHOT/starter.pages.PulsaPage$ByteBuddy$CQemUWxU.inputNumber$accessor$zueznNi5(Unknown Source)
	at java.base/jdk.internal.reflect.DirectMethodHandleAccessor.invoke(DirectMethodHandleAccessor.java:104)
	at java.base/java.lang.reflect.Method.invoke(Method.java:578)
	at net.thucydides.core.steps.StepInterceptor.invokeMethod(StepInterceptor.java:524)
	at net.thucydides.core.steps.StepInterceptor.executeTestStepMethod(StepInterceptor.java:504)
	at net.thucydides.core.steps.StepInterceptor.runTestStep(StepInterceptor.java:476)
	at net.thucydides.core.steps.StepInterceptor.runOrSkipMethod(StepInterceptor.java:218)
	at net.thucydides.core.steps.StepInterceptor.testStepResult(StepInterceptor.java:205)
	at net.thucydides.core.steps.StepInterceptor.intercept(StepInterceptor.java:93)
	at net.thucydides.core.steps.ProxyConfiguration$InterceptorDispatcher.intercept(ProxyConfiguration.java:51)
	at web.serenity.starter@1.0-SNAPSHOT/starter.pages.PulsaPage$ByteBuddy$CQemUWxU.inputNumber(Unknown Source)
	at web.serenity.starter@1.0-SNAPSHOT/starter.stepdefinitions.SelectPaymentSteps.inputValidPhoneNumber(SelectPaymentSteps.java:21)
	at ✽.I input valid phone number(file:///Users/kayiin/Documents/A.%20Studi%20Independen/qe_fadillah-al-qorin/18_Web-UI-Testing-with-Serenity/praktikum/Soal_Prioritas_2/sepulsa-ui-testing/src/test/resources/features/SelectPayment.feature:13)
&amp#27;[0m
  &amp#27;[36mAnd &amp#27;[0m&amp#27;[36mI click a product&amp#27;[0m                         &amp#27;[90m# starter.stepdefinitions.SelectPaymentSteps.clickProduct()&amp#27;[0m
  &amp#27;[36mAnd &amp#27;[0m&amp#27;[36mI am on payment page&amp#27;[0m                      &amp#27;[90m# starter.stepdefinitions.SelectPaymentSteps.onPaymentPage()&amp#27;[0m
  &amp#27;[36mAnd &amp#27;[0m&amp#27;[36mI click gopay&amp#27;[0m                             &amp#27;[90m# starter.stepdefinitions.SelectPaymentSteps.clickGopay()&amp#27;[0m
  &amp#27;[36mAnd &amp#27;[0m&amp#27;[36mI click bayar sekarang button&amp#27;[0m             &amp#27;[90m# starter.stepdefinitions.SelectPaymentSteps.clickPayNowButton()&amp#27;[0m
  &amp#27;[36mThen &amp#27;[0m&amp#27;[36mI redirected to Gopay page&amp#27;[0m               &amp#27;[90m# starter.stepdefinitions.SelectPaymentSteps.onTheGopayPage()&amp#27;[0m
10:59:43.903 [main] ERROR  -- 
  _____   ___   ___   _____     ___   ___   ___    ___    ___ 
 |_   _| | __| / __| |_   _|   | __| | _ \ | _ \  / _ \  | _ \
   | |   | _|  \__ \   | |     | _|  |   / |   / | (_) | |   /
   |_|   |___| |___/   |_|     |___| |_|_\ |_|_\  \___/  |_|_\

As a user, I can select gopay payment
---------------------------------------------------------------
10:59:43.906 [main] DEBUG  -- RELATED ISSUES: 
10:59:43.908 [main] ERROR  --     Test failed at step: Input number: 0895634893288
10:59:43.909 [main] ERROR  --     no such element: Unable to locate element: {"method":"css selector","selector":"#phone_number"}
]]></system-out>
    <system-err><![CDATA[Mei 15, 2024 10:59:30 AM org.openqa.selenium.devtools.CdpVersionFinder findNearestMatch
WARNING: Unable to find an exact match for CDP version 124, returning the closest version; found: 122; Please update to a Selenium version that supports CDP version 124
]]></system-err>
  </testcase>
  <testcase name="As a user, I cannot pay without choose a payment method" classname="Select Payment" time="5.4">
    <error type="org.openqa.selenium.NoSuchElementException"><![CDATA[org.openqa.selenium.NoSuchElementException: 
no such element: Unable to locate element: {"method":"css selector","selector":"#submit_login"}
  (Session info: chrome=124.0.6367.203)
For documentation on this error, please visit: https://www.selenium.dev/documentation/webdriver/troubleshooting/errors#no-such-element-exception
Build info: version: '4.18.1', revision: 'b1d3319b48'
System info: os.name: 'Mac OS X', os.arch: 'x86_64', os.version: '12.7.2', java.version: '19.0.2'
Driver info: org.openqa.selenium.chrome.ChromeDriver
Command: [dc664f4331d8a38e1c9f813f2543a482, findElement {value=submit_login, using=id}]
Capabilities {acceptInsecureCerts: false, browserName: chrome, browserVersion: 124.0.6367.203, chrome: {chromedriverVersion: 123.0.6312.86 (9b72c47a0536..., userDataDir: /var/folders/_5/cq_xg3kd1qb...}, fedcm:accounts: true, goog:chromeOptions: {debuggerAddress: localhost:56688}, networkConnectionEnabled: false, pageLoadStrategy: normal, platformName: mac, proxy: Proxy(), se:cdp: ws://localhost:56688/devtoo..., se:cdpVersion: 124.0.6367.203, setWindowRect: true, strictFileInteractability: false, timeouts: {implicit: 0, pageLoad: 300000, script: 30000}, unhandledPromptBehavior: dismiss and notify, webauthn:extension:credBlob: true, webauthn:extension:largeBlob: true, webauthn:extension:minPinLength: true, webauthn:extension:prf: true, webauthn:virtualAuthenticators: true}
Session ID: dc664f4331d8a38e1c9f813f2543a482
]]></error>
    <system-out><![CDATA[
Scenario: As a user, I cannot pay without choose a payment method &amp#27;[90m# src/test/resources/features/SelectPayment.feature:20&amp#27;[0m
10:59:44.172 [main] DEBUG io.cucumber.core.plugin.SerenityReporter -- Running feature from file:///Users/kayiin/Documents/A.%20Studi%20Independen/qe_fadillah-al-qorin/18_Web-UI-Testing-with-Serenity/praktikum/Soal_Prioritas_2/sepulsa-ui-testing/src/test/resources/features/SelectPayment.feature
10:59:44.175 [main] INFO  -- 
  _____   ___   ___   _____     ___   _____     _     ___   _____   ___   ___  
 |_   _| | __| / __| |_   _|   / __| |_   _|   /_\   | _ \ |_   _| | __| |   \ 
   | |   | _|  \__ \   | |     \__ \   | |    / _ \  |   /   | |   | _|  | |) |
   |_|   |___| |___/   |_|     |___/   |_|   /_/ \_\ |_|_\   |_|   |___| |___/ 

As a user, I cannot pay without choose a payment method(select-payment;as-a-user--i-cannot-pay-without-choose-a-payment-method)
--------------------------------------------------------------------------------
10:59:44.332 [main] INFO net.serenitybdd.core.webdriver.driverproviders.ChromeDriverProvider -- Starting Chrome driver instance with capabilities:
10:59:44.333 [main] INFO net.serenitybdd.core.webdriver.driverproviders.ChromeDriverProvider -- Capabilities {acceptInsecureCerts: false, browserName: chrome, goog:chromeOptions: {args: [remote-allow-origins=*], extensions: []}}
10:59:47.145 [main] DEBUG net.serenitybdd.core.photography.Darkroom -- Send negative for processing for /Users/kayiin/Documents/A. Studi Independen/qe_fadillah-al-qorin/18_Web-UI-Testing-with-Serenity/praktikum/Soal_Prioritas_2/sepulsa-ui-testing/target/site/serenity/3e843c023e3f7cb76deb3a0502ca0067f34b4ea92edd7691d5a992c1d4ea3aa0.png
10:59:47.145 [Darkroom Processing Line] DEBUG net.serenitybdd.core.photography.DarkroomProcessingLine -- Processing screenshot image in /var/screenshots/screenshot-1780885314735864586
10:59:47.145 [Darkroom Processing Line] DEBUG net.serenitybdd.core.photography.DarkroomProcessingLine -- Saving screenshot to /Users/kayiin/Documents/A. Studi Independen/qe_fadillah-al-qorin/18_Web-UI-Testing-with-Serenity/praktikum/Soal_Prioritas_2/sepulsa-ui-testing/target/site/serenity/3e843c023e3f7cb76deb3a0502ca0067f34b4ea92edd7691d5a992c1d4ea3aa0.png
10:59:47.145 [main] DEBUG net.thucydides.core.steps.StepInterceptor -- STARTING STEP: LoginSteps.onLoginPage - validateOnTheLoginPage
10:59:49.303 [main] DEBUG net.serenitybdd.core.photography.Darkroom -- Send negative for processing for /Users/kayiin/Documents/A. Studi Independen/qe_fadillah-al-qorin/18_Web-UI-Testing-with-Serenity/praktikum/Soal_Prioritas_2/sepulsa-ui-testing/target/site/serenity/3e843c023e3f7cb76deb3a0502ca0067f34b4ea92edd7691d5a992c1d4ea3aa0.png
  &amp#27;[31mGiven &amp#27;[0m&amp#27;[31mI am on the login page&amp#27;[0m                                    &amp#27;[90m# starter.stepdefinitions.LoginSteps.onLoginPage()&amp#27;[0m
      &amp#27;[31morg.openqa.selenium.NoSuchElementException: no such element: Unable to locate element: {"method":"css selector","selector":"#submit_login"}
  (Session info: chrome=124.0.6367.203)
For documentation on this error, please visit: https://www.selenium.dev/documentation/webdriver/troubleshooting/errors#no-such-element-exception
Build info: version: '4.18.1', revision: 'b1d3319b48'
System info: os.name: 'Mac OS X', os.arch: 'x86_64', os.version: '12.7.2', java.version: '19.0.2'
Driver info: org.openqa.selenium.chrome.ChromeDriver
Command: [dc664f4331d8a38e1c9f813f2543a482, findElement {value=submit_login, using=id}]
Capabilities {acceptInsecureCerts: false, browserName: chrome, browserVersion: 124.0.6367.203, chrome: {chromedriverVersion: 123.0.6312.86 (9b72c47a0536..., userDataDir: /var/folders/_5/cq_xg3kd1qb...}, fedcm:accounts: true, goog:chromeOptions: {debuggerAddress: localhost:56688}, networkConnectionEnabled: false, pageLoadStrategy: normal, platformName: mac, proxy: Proxy(), se:cdp: ws://localhost:56688/devtoo..., se:cdpVersion: 124.0.6367.203, setWindowRect: true, strictFileInteractability: false, timeouts: {implicit: 0, pageLoad: 300000, script: 30000}, unhandledPromptBehavior: dismiss and notify, webauthn:extension:credBlob: true, webauthn:extension:largeBlob: true, webauthn:extension:minPinLength: true, webauthn:extension:prf: true, webauthn:virtualAuthenticators: true}
Session ID: dc664f4331d8a38e1c9f813f2543a482
	at java.base/jdk.internal.reflect.DirectConstructorHandleAccessor.newInstance(DirectConstructorHandleAccessor.java:67)
	at java.base/java.lang.reflect.Constructor.newInstanceWithCaller(Constructor.java:500)
	at java.base/java.lang.reflect.Constructor.newInstance(Constructor.java:484)
	at org.openqa.selenium.remote.ErrorCodec.decode(ErrorCodec.java:167)
	at org.openqa.selenium.remote.codec.w3c.W3CHttpResponseCodec.decode(W3CHttpResponseCodec.java:138)
	at org.openqa.selenium.remote.codec.w3c.W3CHttpResponseCodec.decode(W3CHttpResponseCodec.java:50)
	at org.openqa.selenium.remote.HttpCommandExecutor.execute(HttpCommandExecutor.java:190)
	at org.openqa.selenium.remote.service.DriverCommandExecutor.invokeExecute(DriverCommandExecutor.java:216)
	at org.openqa.selenium.remote.service.DriverCommandExecutor.execute(DriverCommandExecutor.java:174)
	at org.openqa.selenium.remote.RemoteWebDriver.execute(RemoteWebDriver.java:519)
	at org.openqa.selenium.remote.ElementLocation$ElementFinder$2.findElement(ElementLocation.java:165)
	at org.openqa.selenium.remote.ElementLocation.findElement(ElementLocation.java:66)
	at org.openqa.selenium.remote.RemoteWebDriver.findElement(RemoteWebDriver.java:356)
	at org.openqa.selenium.remote.RemoteWebDriver.findElement(RemoteWebDriver.java:350)
	at net.thucydides.core.webdriver.WebDriverFacade.findElement(WebDriverFacade.java:259)
	at net.serenitybdd.core.pages.WebElementResolverByLocator.resolveForDriver(WebElementResolverByLocator.java:25)
	at net.serenitybdd.core.pages.WebElementFacadeImpl.getResolvedElement(WebElementFacadeImpl.java:188)
	at net.serenitybdd.core.pages.WebElementFacadeImpl.getElement(WebElementFacadeImpl.java:183)
	at net.serenitybdd.core.pages.WebElementFacadeImpl.isDisplayed(WebElementFacadeImpl.java:1338)
	at web.serenity.starter@1.0-SNAPSHOT/starter.pages.LoginPage.validateOnTheLoginPage(LoginPage.java:22)
	at web.serenity.starter@1.0-SNAPSHOT/starter.pages.LoginPage$ByteBuddy$oLfaWnes.validateOnTheLoginPage$accessor$Ie5uN8Ic(Unknown Source)
	at java.base/jdk.internal.reflect.DirectMethodHandleAccessor.invoke(DirectMethodHandleAccessor.java:104)
	at java.base/java.lang.reflect.Method.invoke(Method.java:578)
	at net.thucydides.core.steps.StepInterceptor.invokeMethod(StepInterceptor.java:524)
	at net.thucydides.core.steps.StepInterceptor.executeTestStepMethod(StepInterceptor.java:504)
	at net.thucydides.core.steps.StepInterceptor.runTestStep(StepInterceptor.java:476)
	at net.thucydides.core.steps.StepInterceptor.runOrSkipMethod(StepInterceptor.java:218)
	at net.thucydides.core.steps.StepInterceptor.testStepResult(StepInterceptor.java:205)
	at net.thucydides.core.steps.StepInterceptor.intercept(StepInterceptor.java:93)
	at net.thucydides.core.steps.ProxyConfiguration$InterceptorDispatcher.intercept(ProxyConfiguration.java:51)
	at web.serenity.starter@1.0-SNAPSHOT/starter.pages.LoginPage$ByteBuddy$oLfaWnes.validateOnTheLoginPage(Unknown Source)
	at web.serenity.starter@1.0-SNAPSHOT/starter.stepdefinitions.LoginSteps.onLoginPage(LoginSteps.java:21)
	at ✽.I am on the login page(file:///Users/kayiin/Documents/A.%20Studi%20Independen/qe_fadillah-al-qorin/18_Web-UI-Testing-with-Serenity/praktikum/Soal_Prioritas_2/sepulsa-ui-testing/src/test/resources/features/SelectPayment.feature:21)
&amp#27;[0m
  &amp#27;[36mWhen &amp#27;[0m&amp#27;[36mI input valid email&amp#27;[0m                                        &amp#27;[90m# starter.stepdefinitions.LoginSteps.inputValidEmail()&amp#27;[0m
  &amp#27;[36mAnd &amp#27;[0m&amp#27;[36mI input valid password&amp#27;[0m                                      &amp#27;[90m# starter.stepdefinitions.LoginSteps.inputValidPassword()&amp#27;[0m
  &amp#27;[36mAnd &amp#27;[0m&amp#27;[36mI click login button&amp#27;[0m                                        &amp#27;[90m# starter.stepdefinitions.LoginSteps.clickLoginButton()&amp#27;[0m
  &amp#27;[36mAnd &amp#27;[0m&amp#27;[36mI am on the dashboard page&amp#27;[0m                                  &amp#27;[90m# starter.stepdefinitions.SelectProductsSteps.onTheDashboardPage()&amp#27;[0m
  &amp#27;[36mAnd &amp#27;[0m&amp#27;[36mI click pulsa icon&amp#27;[0m                                          &amp#27;[90m# starter.stepdefinitions.SelectProductsSteps.clickPulsa()&amp#27;[0m
  &amp#27;[36mAnd &amp#27;[0m&amp#27;[36mI input valid phone number&amp#27;[0m                                  &amp#27;[90m# starter.stepdefinitions.SelectPaymentSteps.inputValidPhoneNumber()&amp#27;[0m
  &amp#27;[36mAnd &amp#27;[0m&amp#27;[36mI click a product&amp#27;[0m                                           &amp#27;[90m# starter.stepdefinitions.SelectPaymentSteps.clickProduct()&amp#27;[0m
  &amp#27;[36mAnd &amp#27;[0m&amp#27;[36mI click bayar sekarang button&amp#27;[0m                               &amp#27;[90m# starter.stepdefinitions.SelectPaymentSteps.clickPayNowButton()&amp#27;[0m
  &amp#27;[36mThen &amp#27;[0m&amp#27;[36mI get error message &amp#27;[0m&amp#27;[36m&amp#27;[1m"Kamu belum memilih metode pembayaran"&amp#27;[0m &amp#27;[90m# starter.stepdefinitions.LoginSteps.getErrorMessage(java.lang.String)&amp#27;[0m
10:59:49.393 [main] ERROR  -- 
  _____   ___   ___   _____     ___   ___   ___    ___    ___ 
 |_   _| | __| / __| |_   _|   | __| | _ \ | _ \  / _ \  | _ \
   | |   | _|  \__ \   | |     | _|  |   / |   / | (_) | |   /
   |_|   |___| |___/   |_|     |___| |_|_\ |_|_\  \___/  |_|_\

As a user, I cannot pay without choose a payment method
---------------------------------------------------------------
10:59:49.393 [main] DEBUG  -- RELATED ISSUES: 
10:59:49.393 [main] ERROR  --     Test failed at step: Validate on the login page
10:59:49.394 [main] ERROR  --     no such element: Unable to locate element: {"method":"css selector","selector":"#submit_login"}
]]></system-out>
    <system-err><![CDATA[Mei 15, 2024 10:59:45 AM org.openqa.selenium.devtools.CdpVersionFinder findNearestMatch
WARNING: Unable to find an exact match for CDP version 124, returning the closest version; found: 122; Please update to a Selenium version that supports CDP version 124
]]></system-err>
  </testcase>
  <testcase name="As a user, I can select tagihan PDAM product" classname="Select product" time="5.328">
    <error type="org.openqa.selenium.NoSuchElementException"><![CDATA[org.openqa.selenium.NoSuchElementException: 
no such element: Unable to locate element: {"method":"css selector","selector":"#submit_login"}
  (Session info: chrome=124.0.6367.203)
For documentation on this error, please visit: https://www.selenium.dev/documentation/webdriver/troubleshooting/errors#no-such-element-exception
Build info: version: '4.18.1', revision: 'b1d3319b48'
System info: os.name: 'Mac OS X', os.arch: 'x86_64', os.version: '12.7.2', java.version: '19.0.2'
Driver info: org.openqa.selenium.chrome.ChromeDriver
Command: [2c14515e2b90043464fb760b5a03b6b1, findElement {value=submit_login, using=id}]
Capabilities {acceptInsecureCerts: false, browserName: chrome, browserVersion: 124.0.6367.203, chrome: {chromedriverVersion: 123.0.6312.86 (9b72c47a0536..., userDataDir: /var/folders/_5/cq_xg3kd1qb...}, fedcm:accounts: true, goog:chromeOptions: {debuggerAddress: localhost:56724}, networkConnectionEnabled: false, pageLoadStrategy: normal, platformName: mac, proxy: Proxy(), se:cdp: ws://localhost:56724/devtoo..., se:cdpVersion: 124.0.6367.203, setWindowRect: true, strictFileInteractability: false, timeouts: {implicit: 0, pageLoad: 300000, script: 30000}, unhandledPromptBehavior: dismiss and notify, webauthn:extension:credBlob: true, webauthn:extension:largeBlob: true, webauthn:extension:minPinLength: true, webauthn:extension:prf: true, webauthn:virtualAuthenticators: true}
Session ID: 2c14515e2b90043464fb760b5a03b6b1
]]></error>
    <system-out><![CDATA[10:59:49.566 [main] DEBUG io.cucumber.core.plugin.SerenityReporter -- Running feature from file:///Users/kayiin/Documents/A.%20Studi%20Independen/qe_fadillah-al-qorin/18_Web-UI-Testing-with-Serenity/praktikum/Soal_Prioritas_2/sepulsa-ui-testing/src/test/resources/features/SelectProducts.feature
10:59:49.570 [main] DEBUG net.thucydides.core.steps.StepEventBus -- Test suite started for story net.thucydides.model.domain.Story@26af5400
10:59:49.571 [main] INFO  -- Test Suite Started: Select product

Scenario: As a user, I can select tagihan PDAM product &amp#27;[90m# src/test/resources/features/SelectProducts.feature:6&amp#27;[0m
10:59:49.577 [main] DEBUG io.cucumber.core.plugin.SerenityReporter -- Running feature from file:///Users/kayiin/Documents/A.%20Studi%20Independen/qe_fadillah-al-qorin/18_Web-UI-Testing-with-Serenity/praktikum/Soal_Prioritas_2/sepulsa-ui-testing/src/test/resources/features/SelectProducts.feature
10:59:49.580 [main] INFO  -- 
  _____   ___   ___   _____     ___   _____     _     ___   _____   ___   ___  
 |_   _| | __| / __| |_   _|   / __| |_   _|   /_\   | _ \ |_   _| | __| |   \ 
   | |   | _|  \__ \   | |     \__ \   | |    / _ \  |   /   | |   | _|  | |) |
   |_|   |___| |___/   |_|     |___/   |_|   /_/ \_\ |_|_\   |_|   |___| |___/ 

As a user, I can select tagihan PDAM product(select-product;as-a-user--i-can-select-tagihan-pdam-product)
--------------------------------------------------------------------------------
10:59:49.703 [main] INFO net.serenitybdd.core.webdriver.driverproviders.ChromeDriverProvider -- Starting Chrome driver instance with capabilities:
10:59:49.704 [main] INFO net.serenitybdd.core.webdriver.driverproviders.ChromeDriverProvider -- Capabilities {acceptInsecureCerts: false, browserName: chrome, goog:chromeOptions: {args: [remote-allow-origins=*], extensions: []}}
10:59:52.136 [main] DEBUG net.serenitybdd.core.photography.Darkroom -- Opening darkroom
10:59:52.136 [Darkroom Processing Line] DEBUG net.serenitybdd.core.photography.DarkroomProcessingLine -- Darkroom processing line starting up
10:59:52.456 [main] DEBUG net.serenitybdd.core.photography.Darkroom -- Send negative for processing for /Users/kayiin/Documents/A. Studi Independen/qe_fadillah-al-qorin/18_Web-UI-Testing-with-Serenity/praktikum/Soal_Prioritas_2/sepulsa-ui-testing/target/site/serenity/3e843c023e3f7cb76deb3a0502ca0067f34b4ea92edd7691d5a992c1d4ea3aa0.png
10:59:52.457 [main] DEBUG net.thucydides.core.steps.StepInterceptor -- STARTING STEP: LoginSteps.onLoginPage - validateOnTheLoginPage
10:59:54.659 [main] DEBUG net.serenitybdd.core.photography.Darkroom -- Send negative for processing for /Users/kayiin/Documents/A. Studi Independen/qe_fadillah-al-qorin/18_Web-UI-Testing-with-Serenity/praktikum/Soal_Prioritas_2/sepulsa-ui-testing/target/site/serenity/7de6fd9a227461aa1183adc6717cc2badd57803a1f60edaa1dadc8f3f70501c6.png
10:59:54.659 [Darkroom Processing Line] DEBUG net.serenitybdd.core.photography.DarkroomProcessingLine -- Processing screenshot image in /var/screenshots/screenshot-14239566412473980896
10:59:54.659 [Darkroom Processing Line] DEBUG net.serenitybdd.core.photography.DarkroomProcessingLine -- Saving screenshot to /Users/kayiin/Documents/A. Studi Independen/qe_fadillah-al-qorin/18_Web-UI-Testing-with-Serenity/praktikum/Soal_Prioritas_2/sepulsa-ui-testing/target/site/serenity/7de6fd9a227461aa1183adc6717cc2badd57803a1f60edaa1dadc8f3f70501c6.png
  &amp#27;[31mGiven &amp#27;[0m&amp#27;[31mI am on the login page&amp#27;[0m                         &amp#27;[90m# starter.stepdefinitions.LoginSteps.onLoginPage()&amp#27;[0m
      &amp#27;[31morg.openqa.selenium.NoSuchElementException: no such element: Unable to locate element: {"method":"css selector","selector":"#submit_login"}
  (Session info: chrome=124.0.6367.203)
For documentation on this error, please visit: https://www.selenium.dev/documentation/webdriver/troubleshooting/errors#no-such-element-exception
Build info: version: '4.18.1', revision: 'b1d3319b48'
System info: os.name: 'Mac OS X', os.arch: 'x86_64', os.version: '12.7.2', java.version: '19.0.2'
Driver info: org.openqa.selenium.chrome.ChromeDriver
Command: [2c14515e2b90043464fb760b5a03b6b1, findElement {value=submit_login, using=id}]
Capabilities {acceptInsecureCerts: false, browserName: chrome, browserVersion: 124.0.6367.203, chrome: {chromedriverVersion: 123.0.6312.86 (9b72c47a0536..., userDataDir: /var/folders/_5/cq_xg3kd1qb...}, fedcm:accounts: true, goog:chromeOptions: {debuggerAddress: localhost:56724}, networkConnectionEnabled: false, pageLoadStrategy: normal, platformName: mac, proxy: Proxy(), se:cdp: ws://localhost:56724/devtoo..., se:cdpVersion: 124.0.6367.203, setWindowRect: true, strictFileInteractability: false, timeouts: {implicit: 0, pageLoad: 300000, script: 30000}, unhandledPromptBehavior: dismiss and notify, webauthn:extension:credBlob: true, webauthn:extension:largeBlob: true, webauthn:extension:minPinLength: true, webauthn:extension:prf: true, webauthn:virtualAuthenticators: true}
Session ID: 2c14515e2b90043464fb760b5a03b6b1
	at java.base/jdk.internal.reflect.DirectConstructorHandleAccessor.newInstance(DirectConstructorHandleAccessor.java:67)
	at java.base/java.lang.reflect.Constructor.newInstanceWithCaller(Constructor.java:500)
	at java.base/java.lang.reflect.Constructor.newInstance(Constructor.java:484)
	at org.openqa.selenium.remote.ErrorCodec.decode(ErrorCodec.java:167)
	at org.openqa.selenium.remote.codec.w3c.W3CHttpResponseCodec.decode(W3CHttpResponseCodec.java:138)
	at org.openqa.selenium.remote.codec.w3c.W3CHttpResponseCodec.decode(W3CHttpResponseCodec.java:50)
	at org.openqa.selenium.remote.HttpCommandExecutor.execute(HttpCommandExecutor.java:190)
	at org.openqa.selenium.remote.service.DriverCommandExecutor.invokeExecute(DriverCommandExecutor.java:216)
	at org.openqa.selenium.remote.service.DriverCommandExecutor.execute(DriverCommandExecutor.java:174)
	at org.openqa.selenium.remote.RemoteWebDriver.execute(RemoteWebDriver.java:519)
	at org.openqa.selenium.remote.ElementLocation$ElementFinder$2.findElement(ElementLocation.java:165)
	at org.openqa.selenium.remote.ElementLocation.findElement(ElementLocation.java:66)
	at org.openqa.selenium.remote.RemoteWebDriver.findElement(RemoteWebDriver.java:356)
	at org.openqa.selenium.remote.RemoteWebDriver.findElement(RemoteWebDriver.java:350)
	at net.thucydides.core.webdriver.WebDriverFacade.findElement(WebDriverFacade.java:259)
	at net.serenitybdd.core.pages.WebElementResolverByLocator.resolveForDriver(WebElementResolverByLocator.java:25)
	at net.serenitybdd.core.pages.WebElementFacadeImpl.getResolvedElement(WebElementFacadeImpl.java:188)
	at net.serenitybdd.core.pages.WebElementFacadeImpl.getElement(WebElementFacadeImpl.java:183)
	at net.serenitybdd.core.pages.WebElementFacadeImpl.isDisplayed(WebElementFacadeImpl.java:1338)
	at web.serenity.starter@1.0-SNAPSHOT/starter.pages.LoginPage.validateOnTheLoginPage(LoginPage.java:22)
	at web.serenity.starter@1.0-SNAPSHOT/starter.pages.LoginPage$ByteBuddy$oLfaWnes.validateOnTheLoginPage$accessor$Ie5uN8Ic(Unknown Source)
	at java.base/jdk.internal.reflect.DirectMethodHandleAccessor.invoke(DirectMethodHandleAccessor.java:104)
	at java.base/java.lang.reflect.Method.invoke(Method.java:578)
	at net.thucydides.core.steps.StepInterceptor.invokeMethod(StepInterceptor.java:524)
	at net.thucydides.core.steps.StepInterceptor.executeTestStepMethod(StepInterceptor.java:504)
	at net.thucydides.core.steps.StepInterceptor.runTestStep(StepInterceptor.java:476)
	at net.thucydides.core.steps.StepInterceptor.runOrSkipMethod(StepInterceptor.java:218)
	at net.thucydides.core.steps.StepInterceptor.testStepResult(StepInterceptor.java:205)
	at net.thucydides.core.steps.StepInterceptor.intercept(StepInterceptor.java:93)
	at net.thucydides.core.steps.ProxyConfiguration$InterceptorDispatcher.intercept(ProxyConfiguration.java:51)
	at web.serenity.starter@1.0-SNAPSHOT/starter.pages.LoginPage$ByteBuddy$oLfaWnes.validateOnTheLoginPage(Unknown Source)
	at web.serenity.starter@1.0-SNAPSHOT/starter.stepdefinitions.LoginSteps.onLoginPage(LoginSteps.java:21)
	at ✽.I am on the login page(file:///Users/kayiin/Documents/A.%20Studi%20Independen/qe_fadillah-al-qorin/18_Web-UI-Testing-with-Serenity/praktikum/Soal_Prioritas_2/sepulsa-ui-testing/src/test/resources/features/SelectProducts.feature:7)
&amp#27;[0m
  &amp#27;[36mWhen &amp#27;[0m&amp#27;[36mI input valid email&amp#27;[0m                             &amp#27;[90m# starter.stepdefinitions.LoginSteps.inputValidEmail()&amp#27;[0m
  &amp#27;[36mAnd &amp#27;[0m&amp#27;[36mI input valid password&amp#27;[0m                           &amp#27;[90m# starter.stepdefinitions.LoginSteps.inputValidPassword()&amp#27;[0m
  &amp#27;[36mAnd &amp#27;[0m&amp#27;[36mI click login button&amp#27;[0m                             &amp#27;[90m# starter.stepdefinitions.LoginSteps.clickLoginButton()&amp#27;[0m
  &amp#27;[36mAnd &amp#27;[0m&amp#27;[36mI am on the dashboard page&amp#27;[0m                       &amp#27;[90m# starter.stepdefinitions.SelectProductsSteps.onTheDashboardPage()&amp#27;[0m
  &amp#27;[36mAnd &amp#27;[0m&amp#27;[36mI click pulsa icon&amp#27;[0m                               &amp#27;[90m# starter.stepdefinitions.SelectProductsSteps.clickPulsa()&amp#27;[0m
  &amp#27;[36mThen &amp#27;[0m&amp#27;[36mI redirected to tagihan PDAM page&amp#27;[0m               &amp#27;[90m# starter.stepdefinitions.SelectProductsSteps.onTheTagihanPdam()&amp#27;[0m
10:59:54.724 [main] ERROR  -- 
  _____   ___   ___   _____     ___   ___   ___    ___    ___ 
 |_   _| | __| / __| |_   _|   | __| | _ \ | _ \  / _ \  | _ \
   | |   | _|  \__ \   | |     | _|  |   / |   / | (_) | |   /
   |_|   |___| |___/   |_|     |___| |_|_\ |_|_\  \___/  |_|_\

As a user, I can select tagihan PDAM product
---------------------------------------------------------------
10:59:54.724 [main] DEBUG  -- RELATED ISSUES: 
10:59:54.725 [main] ERROR  --     Test failed at step: Validate on the login page
10:59:54.725 [main] ERROR  --     no such element: Unable to locate element: {"method":"css selector","selector":"#submit_login"}
]]></system-out>
    <system-err><![CDATA[Mei 15, 2024 10:59:51 AM org.openqa.selenium.devtools.CdpVersionFinder findNearestMatch
WARNING: Unable to find an exact match for CDP version 124, returning the closest version; found: 122; Please update to a Selenium version that supports CDP version 124
]]></system-err>
  </testcase>
</testsuite>