<?xml version="1.0" encoding="UTF-8" standalone="no"?><testsuite errors="1" failures="0" name="Select product" skipped="0" tests="1" time="5.14" timestamp="2024-05-15 10:59:49"><testcase name="As a user, I can select tagihan PDAM product"><error message="no such element: Unable to locate element: {&quot;method&quot;:&quot;css selector&quot;,&quot;selector&quot;:&quot;#submit_login&quot;}&#10;  (Session info: chrome=124.0.6367.203)&#10;For documentation on this error, please visit: https://www.selenium.dev/documentation/webdriver/troubleshooting/errors#no-such-element-exception&#10;Build info: version: '4.18.1', revision: 'b1d3319b48'&#10;System info: os.name: 'Mac OS X', os.arch: 'x86_64', os.version: '12.7.2', java.version: '19.0.2'&#10;Driver info: org.openqa.selenium.chrome.ChromeDriver&#10;Command: [2c14515e2b90043464fb760b5a03b6b1, findElement {value=submit_login, using=id}]&#10;Capabilities {acceptInsecureCerts: false, browserName: chrome, browserVersion: 124.0.6367.203, chrome: {chromedriverVersion: 123.0.6312.86 (9b72c47a0536..., userDataDir: /var/folders/_5/cq_xg3kd1qb...}, fedcm:accounts: true, goog:chromeOptions: {debuggerAddress: localhost:56724}, networkConnectionEnabled: false, pageLoadStrategy: normal, platformName: mac, proxy: Proxy(), se:cdp: ws://localhost:56724/devtoo..., se:cdpVersion: 124.0.6367.203, setWindowRect: true, strictFileInteractability: false, timeouts: {implicit: 0, pageLoad: 300000, script: 30000}, unhandledPromptBehavior: dismiss and notify, webauthn:extension:credBlob: true, webauthn:extension:largeBlob: true, webauthn:extension:minPinLength: true, webauthn:extension:prf: true, webauthn:virtualAuthenticators: true}&#10;Session ID: 2c14515e2b90043464fb760b5a03b6b1" type="org.openqa.selenium.NoSuchElementException">no such element: Unable to locate element: {"method":"css selector","selector":"#submit_login"}
  (Session info: chrome=124.0.6367.203)
For documentation on this error, please visit: https://www.selenium.dev/documentation/webdriver/troubleshooting/errors#no-such-element-exception
Build info: version: '4.18.1', revision: 'b1d3319b48'
System info: os.name: 'Mac OS X', os.arch: 'x86_64', os.version: '12.7.2', java.version: '19.0.2'
Driver info: org.openqa.selenium.chrome.ChromeDriver
Command: [2c14515e2b90043464fb760b5a03b6b1, findElement {value=submit_login, using=id}]
Capabilities {acceptInsecureCerts: false, browserName: chrome, browserVersion: 124.0.6367.203, chrome: {chromedriverVersion: 123.0.6312.86 (9b72c47a0536..., userDataDir: /var/folders/_5/cq_xg3kd1qb...}, fedcm:accounts: true, goog:chromeOptions: {debuggerAddress: localhost:56724}, networkConnectionEnabled: false, pageLoadStrategy: normal, platformName: mac, proxy: Proxy(), se:cdp: ws://localhost:56724/devtoo..., se:cdpVersion: 124.0.6367.203, setWindowRect: true, strictFileInteractability: false, timeouts: {implicit: 0, pageLoad: 300000, script: 30000}, unhandledPromptBehavior: dismiss and notify, webauthn:extension:credBlob: true, webauthn:extension:largeBlob: true, webauthn:extension:minPinLength: true, webauthn:extension:prf: true, webauthn:virtualAuthenticators: true}
Session ID: 2c14515e2b90043464fb760b5a03b6b1</error><system-err>no such element: Unable to locate element: {"method":"css selector","selector":"#submit_login"}
  (Session info: chrome=124.0.6367.203)
For documentation on this error, please visit: https://www.selenium.dev/documentation/webdriver/troubleshooting/errors#no-such-element-exception
Build info: version: '4.18.1', revision: 'b1d3319b48'
System info: os.name: 'Mac OS X', os.arch: 'x86_64', os.version: '12.7.2', java.version: '19.0.2'
Driver info: org.openqa.selenium.chrome.ChromeDriver
Command: [2c14515e2b90043464fb760b5a03b6b1, findElement {value=submit_login, using=id}]
Capabilities {acceptInsecureCerts: false, browserName: chrome, browserVersion: 124.0.6367.203, chrome: {chromedriverVersion: 123.0.6312.86 (9b72c47a0536..., userDataDir: /var/folders/_5/cq_xg3kd1qb...}, fedcm:accounts: true, goog:chromeOptions: {debuggerAddress: localhost:56724}, networkConnectionEnabled: false, pageLoadStrategy: normal, platformName: mac, proxy: Proxy(), se:cdp: ws://localhost:56724/devtoo..., se:cdpVersion: 124.0.6367.203, setWindowRect: true, strictFileInteractability: false, timeouts: {implicit: 0, pageLoad: 300000, script: 30000}, unhandledPromptBehavior: dismiss and notify, webauthn:extension:credBlob: true, webauthn:extension:largeBlob: true, webauthn:extension:minPinLength: true, webauthn:extension:prf: true, webauthn:virtualAuthenticators: true}
Session ID: 2c14515e2b90043464fb760b5a03b6b1
web.serenity.starter@1.0-SNAPSHOT/starter.pages.LoginPage.validateOnTheLoginPage(LoginPage.java:22)
web.serenity.starter@1.0-SNAPSHOT/starter.stepdefinitions.LoginSteps.onLoginPage(LoginSteps.java:21)
</system-err></testcase></testsuite>